<?xml version="1.0" encoding="UTF-8"?>
<!-- Generated by org.testng.reporters.JUnitReportReporter -->
<testsuite hostname="L-INE-1TPCQG3" failures="0" tests="1" name="javaproject2.Script1" time="0.972" errors="0" timestamp="2024-01-12T11:36:40 IST" skipped="0">
  <testcase classname="javaproject2.Script1" name="Script" time="0.972"/>
  <system-out/>
</testsuite> <!-- javaproject2.Script1 -->
